Shot 190129007:  OK
Shot 190129012:  OK
Shot 190129013:  OK
Shot 190129014:  OK
Shot 190129015:  OK
Shot 190129016:  OK
Shot 190129019:  OK
Shot 190129020:  OK
Shot 190129021:  OK
Shot 190129022:  OK
Shot 190130012:  OK
Shot 190130013:  OK
Shot 190130014:  OK
Shot 190130018:  OK
Shot 190130020:  OK
Shot 190130021:  OK
Shot 190130022:  OK
Shot 190131005:  OK
Shot 190131008:  OK
Shot 190131009:  OK
Shot 190131010:  OK
Shot 190131011:  OK
Shot 190131012:  OK
Shot 190131013:  OK
Shot 190131014:  OK
Shot 190131016: error %TREE-W-NNF, Node Not Found
Shot 190131017:  OK
Shot 190131018:  OK
Shot 190131019:  OK
Shot 190131021: error %TREE-W-NNF, Node Not Found
Shot 190131022:  OK
Shot 190131023:  OK
Shot 190201006:  OK
Shot 190201007:  OK
Shot 190201008:  OK
Shot 190201009:  OK
Shot 190201010:  OK
Shot 190201011:  OK
Shot 190201012:  OK
Shot 190201013:  OK
Shot 190201014:  OK
Shot 190201015:  OK
Shot 190201016:  OK
Shot 190201017:  OK
Shot 190201018:  OK
Shot 190201019:  OK
Shot 190201020:  OK
Shot 190201021:  OK
Shot 190201022:  OK
Shot 190201023:  OK
Shot 190206010:  OK
Shot 190206011:  OK
Shot 190206012:  OK
Shot 190206013:  OK
Shot 190206014:  OK
Shot 190206015:  OK
Shot 190206016:  OK
Shot 190206017:  OK
Shot 190206018:  OK
Shot 190206019:  OK
Shot 190206020:  OK
Shot 190214010: error %TREE-W-NNF, Node Not Found
Shot 190214011:  OK
Shot 190214014:  OK
Shot 190214015:  OK
Shot 190214016:  OK
Shot 190214017:  OK
Shot 190214018:  OK
Shot 190214019:  OK
Shot 190214020:  OK
Shot 190214021:  OK
Shot 190214022:  OK
Shot 190214023:  OK
Shot 190214024:  OK
Shot 190214025:  OK
Shot 190219013: error %TREE-W-NNF, Node Not Found
Shot 190219014:  OK
Shot 190219017:  OK
Shot 190219018:  OK
Shot 190220007: error %TREE-W-NNF, Node Not Found
Shot 190220008: error %TREE-W-NNF, Node Not Found
Shot 190220009: error %TREE-W-NNF, Node Not Found
Shot 190220010: error %TREE-W-NNF, Node Not Found
Shot 190220012: error %TREE-W-NNF, Node Not Found
Shot 190220013: error %TREE-W-NNF, Node Not Found
Shot 190226007: error %TREE-W-NNF, Node Not Found
Shot 190226008: error %TREE-W-NNF, Node Not Found
Shot 190226009: error %TREE-W-NNF, Node Not Found
Shot 190226012: error %TREE-W-NNF, Node Not Found
Shot 190227006: error %TREE-W-NNF, Node Not Found
Shot 190227007: error %TREE-W-NNF, Node Not Found
Shot 190227008: error %TREE-W-NNF, Node Not Found
Shot 190227009: error %TREE-W-NNF, Node Not Found
Shot 190227010: error %TREE-W-NNF, Node Not Found
Shot 190227012: error %TREE-W-NNF, Node Not Found
Shot 190227013: error %TREE-W-NNF, Node Not Found
Shot 190227014: error %TREE-W-NNF, Node Not Found
Shot 190227015: error %TREE-W-NNF, Node Not Found
Shot 190227017: error %TREE-W-NNF, Node Not Found
Shot 190227019: error %TREE-W-NNF, Node Not Found
Shot 190227020: error %TREE-W-NNF, Node Not Found
Shot 190227021: error %TREE-W-NNF, Node Not Found
Shot 190228008: error %TREE-W-NNF, Node Not Found
Shot 190228009: error %TREE-W-NNF, Node Not Found
Shot 190228010: error %TREE-W-NNF, Node Not Found
Shot 190228011: error %TREE-E-NODATA, No data available for this node
Shot 190228012: error %TREE-W-NNF, Node Not Found
Shot 190228013: error %TREE-W-NNF, Node Not Found
Shot 190228014: error %TREE-W-NNF, Node Not Found
Shot 190228015: error %TREE-W-NNF, Node Not Found
Shot 190228016: error %TREE-W-NNF, Node Not Found
Shot 190228017: error %TREE-W-NNF, Node Not Found
Shot 190228018: error %TREE-W-NNF, Node Not Found
Shot 190228019: error %TREE-W-NNF, Node Not Found
Shot 190228020: error %TREE-W-NNF, Node Not Found
Shot 190228021: error %TREE-W-NNF, Node Not Found
Shot 190305008:  OK
Shot 190305009:  OK
Shot 190305010:  OK
Shot 190305012:  OK
Shot 190305014:  OK
Shot 190305015:  OK
Shot 190305016:  OK
Shot 190305017:  OK
Shot 190305019:  OK
Shot 190305020:  OK
Shot 190305021:  OK
Shot 190305022:  OK
Shot 190305023:  OK
Shot 190306005:  OK
Shot 190306006:  OK
Shot 190306007:  OK
Shot 190306010:  OK
Shot 190306011:  OK
Shot 190306012:  OK
Shot 190306013:  OK
Shot 190306014:  OK
Shot 190306016:  OK
Shot 190306017:  OK
Shot 190306018:  OK
Shot 190306019:  OK
Shot 190306020:  OK
Shot 190306021:  OK
Shot 190306022: error Chain 1 failed.
Shot 190306023:  OK
Shot 190306024:  OK
Shot 190306025:  OK
Shot 190306027:  OK
Shot 190306028:  OK
Shot 190306029:  OK
Shot 190307007:  OK
Shot 190307008:  OK
Shot 190307009:  OK
Shot 190307010:  OK
Shot 190307011:  OK
Shot 190307012:  OK
Shot 190307013:  OK
Shot 190307014:  OK
Shot 190307015:  OK
Shot 190307016: error Chain 0 failed.
Shot 190307017:  OK
Shot 190307018:  OK
Shot 190307019:  OK
Shot 190307020:  OK
Shot 190307021:  OK
Shot 190307022:  OK
Shot 190307023: error Chain 3 failed.
Shot 190307024:  OK
Shot 190307025:  OK
Shot 190314007:  OK
Shot 190314008:  OK
Shot 190314009:  OK
Shot 190314010: error Chain 2 failed.
Shot 190314011:  OK
Shot 190314012:  OK
Shot 190314013:  OK
Shot 190314014:  OK
Shot 190314015:  OK
Shot 190314016:  OK
Shot 190314017: error Chain 2 failed.
Shot 190314018:  OK
Shot 190320009: error %TREE-W-NNF, Node Not Found
Shot 190320011: error %TREE-E-NODATA, No data available for this node
Shot 190320012: error %TREE-E-NODATA, No data available for this node
Shot 190320013: error %TREE-E-NODATA, No data available for this node
Shot 190320014: error %TREE-E-NODATA, No data available for this node
Shot 190320015: error %TREE-E-NODATA, No data available for this node
Shot 190320016: error %TREE-W-NNF, Node Not Found
Shot 190320017: error %TREE-E-NODATA, No data available for this node
Shot 190320018: error %TREE-E-NODATA, No data available for this node
Shot 190320020: error %TREE-E-NODATA, No data available for this node
Shot 190321007: error index 1 is out of bounds for axis 0 with size 0
Shot 190321008: error index 1 is out of bounds for axis 0 with size 0
Shot 190321009: error index 1 is out of bounds for axis 0 with size 0
Shot 190321010: error index 1 is out of bounds for axis 0 with size 0
Shot 190321011: error index 1 is out of bounds for axis 0 with size 0
Shot 190321012: error index 1 is out of bounds for axis 0 with size 0
Shot 190321013: error index 1 is out of bounds for axis 0 with size 0
Shot 190321014: error index 1 is out of bounds for axis 0 with size 0
Shot 190327008: error %TREE-W-NNF, Node Not Found
Shot 190327009: error %TREE-W-NNF, Node Not Found
Shot 190327010: error %TREE-W-NNF, Node Not Found
Shot 190327011: error %TREE-W-NNF, Node Not Found
Shot 190327012: error %TREE-W-NNF, Node Not Found
Shot 190327013: error %TREE-W-NNF, Node Not Found
Shot 190327014: error %TREE-E-NODATA, No data available for this node
Shot 190327015: error %TREE-E-NODATA, No data available for this node
Shot 190327016: error %TREE-E-NODATA, No data available for this node
Shot 190327017: error %TREE-E-NODATA, No data available for this node
Shot 190327018: error %TREE-E-NODATA, No data available for this node
Shot 190327019: error %TREE-E-NODATA, No data available for this node
Shot 190327020: error %TREE-E-NODATA, No data available for this node
Shot 190327021: error %TREE-E-NODATA, No data available for this node
Shot 190327022: error %TREE-E-NODATA, No data available for this node
Shot 190327023: error %TREE-E-NODATA, No data available for this node
Shot 190327024: error %TREE-E-NODATA, No data available for this node
Shot 190327025: error %TREE-E-NODATA, No data available for this node
Shot 190327026: error %TREE-E-NODATA, No data available for this node
Shot 190327027: error %TREE-E-NODATA, No data available for this node
Shot 190327028: error %TREE-E-NODATA, No data available for this node
Shot 190328014:  OK
Shot 190328015:  OK
Shot 190328016:  OK
Shot 190328017:  OK
Shot 190328018:  OK
Shot 190328019:  OK
Shot 190328020:  OK
Shot 190328021:  OK
Shot 190328022:  OK
Shot 190328023:  OK
Shot 190403011: error Chain 3 failed.
Shot 190403012: error Chain 1 failed.
Shot 190403014:  OK
Shot 190403015:  OK
Shot 190403016:  OK
Shot 190403017:  OK
Shot 190404007:  OK
Shot 190404009:  OK
Shot 190404010:  OK
Shot 190404011:  OK
Shot 190404014:  OK
Shot 190404017:  OK
Shot 190404018:  OK
Shot 190409012: error index 1 is out of bounds for axis 0 with size 0
Shot 190409013: error index 1 is out of bounds for axis 0 with size 0
Shot 190409014: error index 1 is out of bounds for axis 0 with size 0
Shot 190409015: error index 1 is out of bounds for axis 0 with size 0
Shot 190409016: error index 1 is out of bounds for axis 0 with size 0
Shot 190410006: error %TREE-W-NNF, Node Not Found
Shot 190410009:  OK
Shot 190410010:  OK
Shot 190410011: error Chain 1 failed.
Shot 190410012:  OK
Shot 190410013:  OK
Shot 190410014:  OK
Shot 190410015:  OK
Shot 190411008: error index 1 is out of bounds for axis 0 with size 0
Shot 190411009: error index 1 is out of bounds for axis 0 with size 0
Shot 190411010: error index 1 is out of bounds for axis 0 with size 0
Shot 190411011: error index 1 is out of bounds for axis 0 with size 0
Shot 190411012: error index 1 is out of bounds for axis 0 with size 0
Shot 190411013: error index 1 is out of bounds for axis 0 with size 0
Shot 190411014: error index 1 is out of bounds for axis 0 with size 0
Shot 190411015: error index 1 is out of bounds for axis 0 with size 0
Shot 190411016: error index 1 is out of bounds for axis 0 with size 0
Shot 190411017: error index 1 is out of bounds for axis 0 with size 0
Shot 190411018: error index 1 is out of bounds for axis 0 with size 0
Shot 190501005: error %TREE-W-NNF, Node Not Found
Shot 190501006: error %TREE-W-NNF, Node Not Found
Shot 190501007: error %TREE-W-NNF, Node Not Found
Shot 190501008: error operands could not be broadcast together with shapes (9952,) (10000,) 
Shot 190501009: error operands could not be broadcast together with shapes (9952,) (10000,) 
Shot 190501010: error operands could not be broadcast together with shapes (9952,) (10000,) 
Shot 190501011: error operands could not be broadcast together with shapes (9952,) (10000,) 
Shot 190501012: error operands could not be broadcast together with shapes (9952,) (10000,) 
Shot 190501013: error operands could not be broadcast together with shapes (9952,) (10000,) 
Shot 190501014: error operands could not be broadcast together with shapes (9952,) (10000,) 
Shot 190501015: error operands could not be broadcast together with shapes (9952,) (10000,) 
Shot 190507013: error index 1 is out of bounds for axis 0 with size 0
Shot 190508008:  OK
Shot 190508015: error %TREE-W-NNF, Node Not Found
Shot 190220007:  OK
Shot 190220008:  OK
Shot 190220009:  OK
Shot 190220010:  OK
Shot 190220012:  OK
Shot 190220013:  OK
Shot 190226007:  OK
Shot 190226007: error %TREE-W-NNF, Node Not Found, retrying...
Shot 190226008:  OK
Shot 190226009:  OK
Shot 190226012:  OK
Shot 190227006:  OK
Shot 190227006: error %TREE-W-NNF, Node Not Found, retrying...
Shot 190227007:  OK
Shot 190227008:  OK
Shot 190227009:  OK
Shot 190227010:  OK
Shot 190227012:  OK
Shot 190227013:  OK
Shot 190227014:  OK
Shot 190227015:  OK
Shot 190227017:  OK
Shot 190227019:  OK
Shot 190227019: error %TREE-W-NNF, Node Not Found, retrying...
Shot 190227020:  OK
Shot 190227021:  OK
Shot 190228008:  OK
Shot 190228008: error %TREE-W-NNF, Node Not Found, retrying...
Shot 190228009:  OK
Shot 190228010:  OK
Shot 190228011: error %TREE-E-NODATA, No data available for this node
Shot 190228011: error %TREE-E-NODATA, No data available for this node, retrying...
Shot 190508015: error %TREE-W-NNF, Node Not Found
Shot 190508015: error %TREE-W-NNF, Node Not Found, retrying...
Shot 190508016: error %TREE-W-NNF, Node Not Found
Shot 190508016: error %TREE-W-NNF, Node Not Found, retrying...
Shot 190508015: error slice indices must be integers or None or have an __index__ method
Shot 190508015: error slice indices must be integers or None or have an __index__ method, retrying...
Shot 190508016: error slice indices must be integers or None or have an __index__ method
Shot 190508016: error slice indices must be integers or None or have an __index__ method, retrying...
Shot 190508017: error slice indices must be integers or None or have an __index__ method
Shot 190508017: error slice indices must be integers or None or have an __index__ method, retrying...
Shot 190509010: error index 1 is out of bounds for axis 0 with size 0, retrying...
Shot 190131016: error %TREE-W-NNF, Node Not Found
Shot 190131016: error %TREE-W-NNF, Node Not Found, retrying...
Shot 190131021:  OK
Shot 190131021: error %TREE-W-NNF, Node Not Found, retrying...
Shot 190214010:  OK
Shot 190214010: error %TREE-W-NNF, Node Not Found, retrying...
Shot 190219013:  OK
Shot 190228012: error operands could not be broadcast together with shapes (4,) (134,) 
Shot 190228012: error operands could not be broadcast together with shapes (4,) (134,) , retrying...
Shot 190228013:  OK
Shot 190228014:  OK
Shot 190228016:  OK
Shot 190228017:  OK
Shot 190228018:  OK
Shot 190228019:  OK
Shot 190228020:  OK
Shot 190228021:  OK
Shot 190306022:  OK
Shot 190307016:  OK
Shot 190307023:  OK
Shot 190314010:  OK
Shot 190320009:  OK
Shot 190320009: error %TREE-W-NNF, Node Not Found, retrying...
Shot 190320011:  OK
Shot 190320012:  OK
Shot 190320013:  OK
Shot 190320014: error %TREE-E-NODATA, No data available for this node
Shot 190320014: error %TREE-E-NODATA, No data available for this node, retrying...
Shot 190320015: error %TREE-E-NODATA, No data available for this node
Shot 190320015: error %TREE-E-NODATA, No data available for this node, retrying...
Shot 190320016: error %TREE-W-NNF, Node Not Found
Shot 190320016: error %TREE-W-NNF, Node Not Found, retrying...
Shot 190320017: error %TREE-W-NNF, Node Not Found
Shot 190320017: error %TREE-W-NNF, Node Not Found, retrying...
Shot 190320018:  OK
Shot 190320018: error %TREE-W-NNF, Node Not Found, retrying...
Shot 190320020:  OK
Shot 190321007:  OK
Shot 190321008:  OK
Shot 190321009:  OK
Shot 190321010:  OK
Shot 190321011:  OK
Shot 190321012:  OK
Shot 190321013:  OK
Shot 190321014:  OK
Shot 190327008: error %TREE-W-NNF, Node Not Found
Shot 190327008: error %TREE-W-NNF, Node Not Found, retrying...
Shot 190327009:  OK
Shot 190327010:  OK
Shot 190327011:  OK
Shot 190327012:  OK
Shot 190327013:  OK
Shot 190327014:  OK
Shot 190327015:  OK
Shot 190327016:  OK
Shot 190327017:  OK
Shot 190327018:  OK
Shot 190327019:  OK
Shot 190327020:  OK
Shot 190327021:  OK
Shot 190327022:  OK
Shot 190327023:  OK
Shot 190327024:  OK
Shot 190327027:  OK
Shot 190327028:  OK
Shot 190409012:  OK
Shot 190409013:  OK
Shot 190409014:  OK
Shot 190409015:  OK
Shot 190409016:  OK
Shot 190410006:  OK
Shot 190410006: error %TREE-W-NNF, Node Not Found, retrying...
Shot 190410011: error Chain 0 failed.
Shot 190410011: error Chain 1 failed., retrying...
Shot 190411008:  OK
Shot 190411009:  OK
Shot 190411010:  OK
Shot 190411011:  OK
Shot 190411012:  OK
Shot 190411013:  OK
Shot 190411014:  OK
Shot 190411015:  OK
Shot 190411016:  OK
Shot 190411017:  OK
Shot 190411018:  OK
Shot 190501008:  OK
Shot 190501008: error operands could not be broadcast together with shapes (9952,) (10000,) , retrying...
Shot 190501009:  OK
Shot 190501010:  OK
Shot 190501011:  OK
Shot 190501012:  OK
Shot 190501013:  OK
Shot 190501014:  OK
Shot 190501015:  OK
Shot 190507013:  OK
Shot 190508015:  OK
Shot 190508016:  OK
Shot 190508017:  OK
Shot 190509010:  OK
Shot 190509010: error operands could not be broadcast together with shapes (9952,) (10000,) , retrying...
Shot 190509011:  OK
Shot 190509012:  OK
Shot 190509013:  OK
Shot 190509014:  OK
Shot 190514010:  OK
Shot 190514010: error %TREE-W-NNF, Node Not Found, retrying...
Shot 190514011:  OK
Shot 190514012:  OK
Shot 190514013:  OK
Shot 190514014:  OK
Shot 190514015:  OK
Shot 190514016:  OK
Shot 190514017:  OK
Shot 190514020:  OK
Shot 190514021:  OK
Shot 190514022:  OK
Shot 190515007:  OK
Shot 190515009:  OK
Shot 190515010:  OK
Shot 190515011:  OK
Shot 190515012:  OK
Shot 190515013:  OK
Shot 190515014:  OK
Shot 190515015:  OK
Shot 190515016:  OK
Shot 190515017:  OK
Shot 190515018:  OK
Shot 190515019:  OK
Shot 190515020:  OK
Shot 190515021:  OK
Shot 190515022:  OK
Shot 190515023:  OK
Shot 190515024:  OK
Shot 190515026:  OK
Shot 190515027:  OK
Shot 190515028:  OK
Shot 190515029:  OK
Shot 190515030:  OK
Shot 190516005:  OK
Shot 190516006:  OK
Shot 190516007:  OK
Shot 190516008:  OK
Shot 190516009:  OK
Shot 190516011:  OK
Shot 190516012:  OK
Shot 190516013:  OK
Shot 190516014:  OK
Shot 190516015:  OK
Shot 190516016:  OK
Shot 190516017:  OK
Shot 190516019:  OK
Shot 190516020:  OK
Shot 190516021:  OK
Shot 190516022:  OK
Shot 190516023:  OK
Shot 190516024:  OK
Shot 190516025:  OK
Shot 190516026:  OK
Shot 190516027:  OK
Shot 190516028:  OK
Shot 190516029:  OK
Shot 190516030:  OK
Shot 190516032:  OK
Shot 190516033:  OK
Shot 190523015:  OK
Shot 190523016:  OK
Shot 190612009:  OK
Shot 190612010:  OK
Shot 190612017:  OK
Shot 190612018:  OK
Shot 190612019:  OK
Shot 190612020:  OK
Shot 190612021: error Chain 1 failed.
Shot 190612021: error Chain 3 failed., retrying...
Shot 190612022:  OK
Shot 190612023:  OK
Shot 190612024:  OK
Shot 190612025:  OK
Shot 190612027:  OK
Shot 190613007:  OK
Shot 190613008:  OK
Shot 190613009:  OK
Shot 190613010:  OK
Shot 190613011:  OK
Shot 190613012:  OK
Shot 190613013:  OK
Shot 190613015:  OK
Shot 190613016:  OK
Shot 190613017:  OK
Shot 190613018:  OK
Shot 190613019:  OK
Shot 190613020:  OK
Shot 190613021:  OK
Shot 190613022:  OK
Shot 190619005:  OK
Shot 190619010:  OK
Shot 190619013:  OK
Shot 190619014:  OK
Shot 190619016:  OK
Shot 190501005:  OK
Shot 190501006:  OK
Shot 190501007:  OK
Shot 190501008:  OK
